<?xml version="1.0" encoding="UTF-8"?>
<!-- Generated by org.testng.reporters.JUnitReportReporter -->
<testsuite hostname="DESKTOP-2QUOM6T" failures="0" tests="1" name="com.sauce.testCases.SauceinformationTest" time="16.274" errors="0" timestamp="2023-02-22T21:40:29 IST" skipped="0">
  <testcase classname="com.sauce.testCases.SauceinformationTest" name="login" time="16.274"/>
  <system-out/>
</testsuite> <!-- com.sauce.testCases.SauceinformationTest -->
