<?xml version="1.0" encoding="UTF-8"?>
<!-- Generated by org.testng.reporters.JUnitReportReporter -->
<testsuite hostname="DESKTOP-2QUOM6T" failures="0" tests="1" name="com.sauce.testCases.SauceCartTest" time="4.864" errors="0" timestamp="2023-02-22T20:24:12 IST" skipped="0">
  <testcase classname="com.sauce.testCases.SauceCartTest" name="login" time="4.864"/>
  <system-out/>
</testsuite> <!-- com.sauce.testCases.SauceCartTest -->
