<?xml version="1.0" encoding="UTF-8"?>
<!-- Generated by org.testng.reporters.JUnitReportReporter -->
<testsuite hostname="DESKTOP-2QUOM6T" failures="0" tests="1" name="com.sauce.testCases.Sauce_Final_Test" time="19.387" errors="0" timestamp="2023-03-02T21:46:18 IST" skipped="0">
  <testcase classname="com.sauce.testCases.Sauce_Final_Test" name="login" time="19.387"/>
  <system-out/>
</testsuite> <!-- com.sauce.testCases.Sauce_Final_Test -->
