<?xml version="1.0" encoding="UTF-8"?>
<!-- Generated by org.testng.reporters.JUnitReportReporter -->
<testsuite hostname="DESKTOP-2QUOM6T" failures="0" tests="1" name="com.sauce.testCases.SauceProductTest" time="5.290" errors="0" timestamp="2023-02-24T20:51:21 IST" skipped="0">
  <testcase classname="com.sauce.testCases.SauceProductTest" name="login" time="5.290"/>
  <system-out/>
</testsuite> <!-- com.sauce.testCases.SauceProductTest -->
