<?xml version="1.0" encoding="UTF-8"?>
<!-- Generated by org.testng.reporters.JUnitReportReporter -->
<testsuite hostname="DESKTOP-2QUOM6T" failures="0" tests="1" name="com.sauce.testCases.SauceLogin" time="3.627" errors="0" timestamp="2023-03-01T07:16:13 IST" skipped="0">
  <testcase classname="com.sauce.testCases.SauceLogin" name="login" time="3.627"/>
  <system-out/>
</testsuite> <!-- com.sauce.testCases.SauceLogin -->
