<?xml version="1.0" encoding="UTF-8"?>
<!-- Generated by org.testng.reporters.JUnitReportReporter -->
<testsuite hostname="DESKTOP-2QUOM6T" failures="0" tests="1" name="com.sauce.testCases.Sauce_Final_Test" time="14.870" errors="0" timestamp="2023-03-03T07:42:42 IST" skipped="0">
  <testcase classname="com.sauce.testCases.Sauce_Final_Test" name="login" time="14.870"/>
  <system-out/>
</testsuite> <!-- com.sauce.testCases.Sauce_Final_Test -->
